*** Using Compiler 'V5.06 update 7 (build 960)', folder: 'D:\work\MDK540\ARM\ARMCC\Bin'
Build target 'FreeRTOS'
compiling music.c...
linking...
..\Output\RTOS_DEMO.axf: Error: L6406E: No space in execution regions with .ANY selector matching tasks.o(.bss).
..\Output\RTOS_DEMO.axf: Error: L6406E: No space in execution regions with .ANY selector matching main.o(.bss).
..\Output\RTOS_DEMO.axf: Error: L6406E: No space in execution regions with .ANY selector matching startup_stm32f10x_md.o(HEAP).
..\Output\RTOS_DEMO.axf: Error: L6406E: No space in execution regions with .ANY selector matching demo_task.o(.data).
..\Output\RTOS_DEMO.axf: Error: L6406E: No space in execution regions with .ANY selector matching timers.o(.bss).
..\Output\RTOS_DEMO.axf: Error: L6406E: No space in execution regions with .ANY selector matching usart.o(.bss).
..\Output\RTOS_DEMO.axf: Error: L6406E: No space in execution regions with .ANY selector matching libspace.o(.bss).
..\Output\RTOS_DEMO.axf: Error: L6406E: No space in execution regions with .ANY selector matching queue.o(.bss).
..\Output\RTOS_DEMO.axf: Error: L6406E: No space in execution regions with .ANY selector matching tasks.o(.data).
..\Output\RTOS_DEMO.axf: Error: L6406E: No space in execution regions with .ANY selector matching heap_4.o(.data).
..\Output\RTOS_DEMO.axf: Error: L6406E: No space in execution regions with .ANY selector matching stm32f10x_rcc.o(.data).
..\Output\RTOS_DEMO.axf: Error: L6406E: No space in execution regions with .ANY selector matching timers.o(.data).
..\Output\RTOS_DEMO.axf: Error: L6406E: No space in execution regions with .ANY selector matching system_stm32f10x.o(.data).
..\Output\RTOS_DEMO.axf: Error: L6406E: No space in execution regions with .ANY selector matching key.o(.data).
..\Output\RTOS_DEMO.axf: Error: L6406E: No space in execution regions with .ANY selector matching port.o(.data).
..\Output\RTOS_DEMO.axf: Error: L6406E: No space in execution regions with .ANY selector matching led.o(.data).
..\Output\RTOS_DEMO.axf: Error: L6406E: No space in execution regions with .ANY selector matching usart.o(.data).
..\Output\RTOS_DEMO.axf: Error: L6406E: No space in execution regions with .ANY selector matching main.o(.data).
..\Output\RTOS_DEMO.axf: Error: L6406E: No space in execution regions with .ANY selector matching usart.o(.data).
..\Output\RTOS_DEMO.axf: Error: L6406E: No space in execution regions with .ANY selector matching delay.o(.data).
..\Output\RTOS_DEMO.axf: Error: L6407E: Sections of aggregate size 0xb40 bytes could not fit into .ANY selector(s).
Not enough information to list image symbols.
Not enough information to list load addresses in the image map.
Finished: 2 information, 0 warning and 21 error messages.
"..\Output\RTOS_DEMO.axf" - 21 Error(s), 0 Warning(s).
Target not created.
Build Time Elapsed:  00:00:02
